WARNING: This is a development server. Do not use it in a production deployment. Use a production WSGI server instead.
 * Running on all addresses (0.0.0.0)
 * Running on http://127.0.0.1:5000
 * Running on http://192.168.100.14:5000
Press CTRL+C to quit
 * Restarting with stat
 * Debugger is active!
 * Debugger PIN: 770-794-341
C:\Users\Rebecca\Desktop\Pullan-Dental-Clinicvscode\app.py:3592: DeprecationWarning: datetime.datetime.utcnow() is deprecated and scheduled for removal in a future version. Use timezone-aware objects to represent datetimes in UTC: datetime.datetime.now(datetime.UTC).
  reminder.updated_at = datetime.utcnow()
C:\Users\Rebecca\Desktop\Pullan-Dental-Clinicvscode\app.py:3509: DeprecationWarning: datetime.datetime.utcnow() is deprecated and scheduled for removal in a future version. Use timezone-aware objects to represent datetimes in UTC: datetime.datetime.now(datetime.UTC).
  stale_before = datetime.utcnow() - timedelta(minutes=SMS_SENDING_STALE_AFTER_MINUTES)
C:\Users\Rebecca\Desktop\Pullan-Dental-Clinicvscode\app.py:3517: DeprecationWarning: datetime.datetime.utcnow() is deprecated and scheduled for removal in a future version. Use timezone-aware objects to represent datetimes in UTC: datetime.datetime.now(datetime.UTC).
  'updated_at': datetime.utcnow()
C:\Users\Rebecca\Desktop\Pullan-Dental-Clinicvscode\app.py:3530: LegacyAPIWarning: The Query.get() method is considered legacy as of the 1.x series of SQLAlchemy and becomes a legacy construct in 2.0. The method is now available as Session.get() (deprecated since: 2.0) (Background on SQLAlchemy 2.0 at: https://sqlalche.me/e/b8d9)
  appointment = Appointment.query.get(reminder.appointment_id)
C:\Users\Rebecca\Desktop\Pullan-Dental-Clinicvscode\app.py:3692: LegacyAPIWarning: The Query.get() method is considered legacy as of the 1.x series of SQLAlchemy and becomes a legacy construct in 2.0. The method is now available as Session.get() (deprecated since: 2.0) (Background on SQLAlchemy 2.0 at: https://sqlalche.me/e/b8d9)
  appointment = Appointment.query.get(reminder.appointment_id)
C:\Users\Rebecca\Desktop\Pullan-Dental-Clinicvscode\app.py:3503: DeprecationWarning: datetime.datetime.utcnow() is deprecated and scheduled for removal in a future version. Use timezone-aware objects to represent datetimes in UTC: datetime.datetime.now(datetime.UTC).
  'updated_at': datetime.utcnow()
C:\Users\Rebecca\Desktop\Pullan-Dental-Clinicvscode\app.py:3713: LegacyAPIWarning: The Query.get() method is considered legacy as of the 1.x series of SQLAlchemy and becomes a legacy construct in 2.0. The method is now available as Session.get() (deprecated since: 2.0) (Background on SQLAlchemy 2.0 at: https://sqlalche.me/e/b8d9)
  reminder = SMSReminder.query.get(reminder_id)
C:\Users\Rebecca\Desktop\Pullan-Dental-Clinicvscode\app.py:3431: DeprecationWarning: datetime.datetime.utcnow() is deprecated and scheduled for removal in a future version. Use timezone-aware objects to represent datetimes in UTC: datetime.datetime.now(datetime.UTC).
  send_started_at = datetime.utcnow() - timedelta(seconds=5)
C:\Users\Rebecca\Desktop\Pullan-Dental-Clinicvscode\app.py:3725: DeprecationWarning: datetime.datetime.utcnow() is deprecated and scheduled for removal in a future version. Use timezone-aware objects to represent datetimes in UTC: datetime.datetime.now(datetime.UTC).
  reminder.updated_at = datetime.utcnow()
